2025-12-23 18:15:54,280 [INFO] Passo adicionado: CLIQUE LEFT em (-1631, 26) - Delay: 1.0s
2025-12-23 18:15:56,577 [INFO] Iniciando execução. Loops: 1, Total Passos: 1
2025-12-23 18:15:56,578 [INFO] Iniciando Loop 1
2025-12-23 18:15:56,584 [INFO] Executando ação no ponto (-1631, 26) com botão: LEFT
2025-12-23 18:15:57,895 [INFO] Execução finalizada.
2025-12-23 18:16:02,503 [INFO] Passo removido: CLIQUE LEFT em (-1631, 26) - Delay: 1.0s
2025-12-23 18:19:34,582 [INFO] Passo adicionado: CLIQUE LEFT em (-1632, 21) - Delay: 1.0s
2025-12-23 18:19:38,064 [INFO] Iniciando execução. Loops: 1, Total Passos: 1
2025-12-23 18:19:38,065 [INFO] Iniciando Loop 1
2025-12-23 18:19:38,069 [INFO] Executando ação no ponto (-1632, 21) com botão: LEFT
2025-12-23 18:19:39,389 [INFO] Execução finalizada.
2025-12-23 18:19:42,572 [INFO] Iniciando execução. Loops: 1, Total Passos: 1
2025-12-23 18:19:42,572 [INFO] Iniciando Loop 1
2025-12-23 18:19:42,578 [INFO] Executando ação no ponto (-1632, 21) com botão: LEFT
2025-12-23 18:19:43,887 [INFO] Execução finalizada.
2025-12-23 18:19:45,008 [INFO] Iniciando execução. Loops: 1, Total Passos: 1
2025-12-23 18:19:45,008 [INFO] Iniciando Loop 1
2025-12-23 18:19:45,014 [INFO] Executando ação no ponto (-1632, 21) com botão: LEFT
2025-12-23 18:19:46,352 [INFO] Execução finalizada.
2025-12-23 18:19:52,080 [INFO] Iniciando execução. Loops: 1, Total Passos: 1
2025-12-23 18:19:52,080 [INFO] Iniciando Loop 1
2025-12-23 18:19:52,086 [INFO] Executando ação no ponto (-1632, 21) com botão: LEFT
2025-12-23 18:19:53,397 [INFO] Execução finalizada.
2025-12-23 18:20:02,545 [INFO] Iniciando execução. Loops: 1, Total Passos: 1
2025-12-23 18:20:02,545 [INFO] Iniciando Loop 1
2025-12-23 18:20:02,551 [INFO] Executando ação no ponto (-1629, 21) com botão: LEFT
2025-12-23 18:20:03,857 [INFO] Execução finalizada.
2025-12-23 18:26:18,041 [INFO] Passo adicionado: CLIQUE LEFT em (-1627, 20) - Delay: 1.0s
2025-12-23 18:26:28,393 [INFO] Passo removido: CLIQUE LEFT em (-1549, 30) - Delay: 1.0s
2025-12-23 18:26:36,465 [INFO] Passo adicionado: CLIQUE LEFT em (-1630, 12) - Delay: 1.0s
2025-12-23 18:26:38,823 [INFO] Iniciando execução. Loops: 1, Total Passos: 1
2025-12-23 18:26:38,825 [INFO] Iniciando Loop 1
2025-12-23 18:26:38,829 [INFO] Executando ação no ponto (-1630, 12) com botão: LEFT
2025-12-23 18:26:40,146 [INFO] Execução finalizada.
2025-12-23 18:26:55,082 [INFO] Iniciando execução. Loops: 1, Total Passos: 1
2025-12-23 18:26:55,089 [INFO] Iniciando Loop 1
2025-12-23 18:26:55,096 [INFO] Executando ação no ponto (-1432, 19) com botão: LEFT
2025-12-23 18:26:56,405 [INFO] Execução finalizada.
2025-12-23 18:27:08,685 [INFO] Iniciando execução. Loops: 1, Total Passos: 1
2025-12-23 18:27:08,690 [INFO] Iniciando Loop 1
2025-12-23 18:27:08,699 [INFO] Executando ação no ponto (-1636, 15) com botão: LEFT
2025-12-23 18:27:10,015 [INFO] Execução finalizada.
2025-12-23 18:27:24,861 [INFO] Iniciando execução. Loops: 1, Total Passos: 1
2025-12-23 18:27:24,861 [INFO] Iniciando Loop 1
2025-12-23 18:27:24,869 [INFO] Executando ação no ponto (-1259, 22) com botão: LEFT
2025-12-23 18:27:26,188 [INFO] Execução finalizada.
2025-12-23 18:27:38,491 [INFO] Iniciando execução. Loops: 1, Total Passos: 1
2025-12-23 18:27:38,500 [INFO] Iniciando Loop 1
2025-12-23 18:27:38,503 [INFO] Executando ação no ponto (-1255, 25) com botão: LEFT
2025-12-23 18:27:39,828 [INFO] Execução finalizada.
2025-12-23 18:28:11,256 [INFO] Iniciando execução. Loops: 1, Total Passos: 1
2025-12-23 18:28:11,256 [INFO] Iniciando Loop 1
2025-12-23 18:28:11,261 [INFO] Executando ação no ponto (-1150, 23) com botão: LEFT
2025-12-23 18:28:12,573 [INFO] Execução finalizada.
2025-12-23 18:33:21,085 [INFO] Passo adicionado: CLIQUE LEFT em (-1634, 18) - Delay: 1.0s
2025-12-23 18:33:31,136 [INFO] Passo adicionado: CLIQUE LEFT em (-1429, 21) - Delay: 1.0s
2025-12-23 18:33:35,890 [INFO] Iniciando execução. Loops: 1, Total Passos: 2
2025-12-23 18:33:35,891 [INFO] Iniciando Loop 1
2025-12-23 18:33:35,895 [INFO] Executando ação no ponto (-1634, 18) com botão: LEFT
2025-12-23 18:33:37,204 [INFO] Executando ação no ponto (-1429, 21) com botão: LEFT
2025-12-23 18:33:38,522 [INFO] Execução finalizada.
2025-12-23 18:33:41,014 [INFO] Iniciando execução. Loops: 1, Total Passos: 2
2025-12-23 18:33:41,015 [INFO] Iniciando Loop 1
2025-12-23 18:33:41,028 [INFO] Executando ação no ponto (-1634, 18) com botão: LEFT
2025-12-23 18:33:42,341 [INFO] Executando ação no ponto (-1429, 21) com botão: LEFT
2025-12-23 18:33:43,651 [INFO] Execução finalizada.
2025-12-23 18:34:18,798 [INFO] Iniciando execução. Loops: 1, Total Passos: 2
2025-12-23 18:34:18,799 [INFO] Iniciando Loop 1
2025-12-23 18:34:18,805 [INFO] Executando ação no ponto (-1634, 18) com botão: LEFT
2025-12-23 18:34:20,115 [INFO] Executando ação no ponto (-490, 16) com botão: LEFT
2025-12-23 18:34:21,427 [INFO] Execução finalizada.
2025-12-23 18:36:18,703 [INFO] Passo adicionado: CLIQUE LEFT em (-1632, 19) - Delay: 1.0s
2025-12-23 18:36:27,214 [INFO] Passo adicionado: CLIQUE LEFT em (-1426, 18) - Delay: 1.0s
2025-12-23 18:36:30,265 [INFO] Iniciando execução. Loops: 1, Total Passos: 2
2025-12-23 18:36:30,265 [INFO] Iniciando Loop 1
2025-12-23 18:36:30,270 [INFO] Executando ação no ponto (-1632, 19) com botão: LEFT
2025-12-23 18:36:31,580 [INFO] Executando ação no ponto (-1426, 18) com botão: LEFT
2025-12-23 18:36:32,895 [INFO] Execução finalizada.
2025-12-23 18:36:35,109 [INFO] Iniciando execução. Loops: 1, Total Passos: 2
2025-12-23 18:36:35,109 [INFO] Iniciando Loop 1
2025-12-23 18:36:35,114 [INFO] Executando ação no ponto (-1632, 19) com botão: LEFT
2025-12-23 18:36:36,427 [INFO] Executando ação no ponto (-1426, 18) com botão: LEFT
2025-12-23 18:36:37,742 [INFO] Execução finalizada.
2025-12-23 18:36:58,843 [INFO] Passo adicionado: CLIQUE LEFT em (1804, 7) - Delay: 1.0s
2025-12-23 18:37:06,665 [INFO] Iniciando execução. Loops: 1, Total Passos: 1
2025-12-23 18:37:06,665 [INFO] Iniciando Loop 1
2025-12-23 18:37:06,670 [INFO] Executando ação no ponto (1805, 18) com botão: LEFT
2025-12-23 18:37:07,990 [INFO] Execução finalizada.
2025-12-23 18:37:31,471 [INFO] Passo removido: CLIQUE LEFT em (1127, 493) - Delay: 1.0s
